<?xml version="1.0" encoding="UTF-8"?>
<!-- Generated by org.testng.reporters.JUnitXMLReporter -->
<testsuite ignored="0" hostname="CTSE-DDOSEN" failures="0" tests="6" name="A_Test" time="130.887" errors="0" timestamp="15 okt 2021 19:50:15 GMT">
  <testcase classname="RightAboveTest" name="checkServiceButton" time="20.209"/>
  <testcase classname="RightAboveTest" name="checkGreenLake" time="11.527"/>
  <testcase classname="RightAboveTest" name="checkCloudServices" time="14.44"/>
  <testcase classname="RightAboveTest" name="checkDataServices" time="12.906"/>
  <testcase classname="RightAboveTest" name="checkCompute" time="13.582"/>
  <testcase classname="RightAboveTest" name="checkConnectivity" time="11.155"/>
</testsuite> <!-- A_Test -->
