<?xml version="1.0" encoding="UTF-8"?>
<!-- Generated by org.testng.reporters.JUnitXMLReporter -->
<testsuite ignored="0" hostname="CTSE-DDOSEN" failures="0" tests="7" name="B_Test" time="233.855" errors="0" timestamp="15 okt 2021 19:54:09 GMT">
  <testcase classname="MenuButtonsTest" name="menuHome" time="13.418"/>
  <testcase classname="MenuButtonsTest" name="menuManageCases" time="19.266"/>
  <testcase classname="MenuButtonsTest" name="menuManageMyContracts" time="18.573"/>
  <testcase classname="MenuButtonsTest" name="menuServicesGreenLake" time="23.316"/>
  <testcase classname="MenuButtonsTest" name="menuServicesDataCenterCare" time="11.015"/>
  <testcase classname="MenuButtonsTest" name="contentType" time="22.981"/>
  <testcase classname="MenuButtonsTest" name="driversAndSoftware" time="64.556"/>
</testsuite> <!-- B_Test -->
