<?xml version="1.0" encoding="UTF-8"?>
<!-- Generated by org.testng.reporters.JUnitXMLReporter -->
<testsuite ignored="0" hostname="CTSE-DDOSEN" failures="0" tests="6" name="C_Test" time="116.881" errors="0" timestamp="15 okt 2021 19:56:06 GMT">
  <testcase classname="MainPageTest" name="checkServiceButton" time="21.226"/>
  <testcase classname="MainPageTest" name="checkGreenLake" time="8.951"/>
  <testcase classname="MainPageTest" name="checkCloudServices" time="12.78"/>
  <testcase classname="MainPageTest" name="checkDataServices" time="8.793"/>
  <testcase classname="MainPageTest" name="checkCompute" time="9.025"/>
  <testcase classname="MainPageTest" name="checkConnectivity" time="7.074"/>
</testsuite> <!-- C_Test -->
