<?xml version="1.0" encoding="UTF-8"?>
<!-- Generated by org.testng.reporters.JUnitXMLReporter -->
<testsuite ignored="6" hostname="CTSE-DDOSEN" failures="0" tests="1" name="Default test" time="28.995" errors="0" timestamp="21 okt 2021 12:26:00 GMT">
  <testcase classname="MenuButtonsTest" name="menuServicesDataCenterCare" time="10.674"/>
  <testcase classname="MenuButtonsTest" name="menuManageMyContracts" time="0.0">
    <ignored/>
  </testcase> <!-- menuManageMyContracts -->
  <testcase classname="MenuButtonsTest" name="driversAndSoftware" time="0.0">
    <ignored/>
  </testcase> <!-- driversAndSoftware -->
  <testcase classname="MenuButtonsTest" name="menuHome" time="0.0">
    <ignored/>
  </testcase> <!-- menuHome -->
  <testcase classname="MenuButtonsTest" name="menuManageCases" time="0.0">
    <ignored/>
  </testcase> <!-- menuManageCases -->
  <testcase classname="MenuButtonsTest" name="contentType" time="0.0">
    <ignored/>
  </testcase> <!-- contentType -->
  <testcase classname="MenuButtonsTest" name="menuServicesGreenLake" time="0.0">
    <ignored/>
  </testcase> <!-- menuServicesGreenLake -->
</testsuite> <!-- Default test -->
